<?xml version="1.0" encoding="UTF-8"?>
<!-- Generated by org.testng.reporters.JUnitReportReporter -->
<testsuite hostname="Ronys-MacBook-Pro.local" failures="0" tests="1" name="testFramework.StandaloneTest" time="17.816" errors="0" timestamp="2023-06-12T01:40:12 PDT" skipped="0">
  <testcase classname="testFramework.StandaloneTest" name="submitOrder" time="17.816"/>
  <system-out/>
</testsuite> <!-- testFramework.StandaloneTest -->
